<?xml version="1.0" encoding="UTF-8"?>
<!-- Generated by org.testng.reporters.JUnitXMLReporter -->
<testsuite ignored="3" hostname="DESKTOP-R53788D" failures="0" tests="2" name="Test" time="0.305" errors="0" timestamp="2026-02-04T21:31:01 IST">
  <testcase classname="sampleTest.Test2" name="test3" time="0.014"/>
  <testcase classname="sampleTest.Test1" name="test" time="0.034"/>
  <testcase classname="sampleTest.Test2" name="test4" time="0.0">
    <ignored/>
  </testcase> <!-- test4 -->
  <testcase classname="sampleTest.Test2" name="test5" time="0.0">
    <ignored/>
  </testcase> <!-- test5 -->
  <testcase classname="sampleTest.Test1" name="test1" time="0.0">
    <ignored/>
  </testcase> <!-- test1 -->
</testsuite> <!-- Test -->
