<?xml version="1.0" encoding="UTF-8"?>
<testng-results ignored="0" total="2" passed="2" failed="0" skipped="0">
  <reporter-output>
  </reporter-output>
  <suite started-at="2026-02-04T21:31:01 IST" name="Suite" finished-at="2026-02-04T21:31:01 IST" duration-ms="305">
    <groups>
      <group name="smokeTestt">
        <method signature="Test1.test()[pri:0, instance:sampleTest.Test1@4fb61f4a]" name="test" class="sampleTest.Test1"/>
      </group> <!-- smokeTestt -->
      <group name="RegressionTest">
        <method signature="Test1.test()[pri:0, instance:sampleTest.Test1@4fb61f4a]" name="test" class="sampleTest.Test1"/>
        <method signature="Test2.test3()[pri:0, instance:sampleTest.Test2@4f18837a]" name="test3" class="sampleTest.Test2"/>
      </group> <!-- RegressionTest -->
    </groups>
    <test started-at="2026-02-04T21:31:01 IST" name="Test" finished-at="2026-02-04T21:31:01 IST" duration-ms="305">
      <class name="sampleTest.Test1">
        <test-method signature="test()[pri:0, instance:sampleTest.Test1@4fb61f4a]" started-at="2026-02-04T21:31:01 IST" name="test" finished-at="2026-02-04T21:31:01 IST" duration-ms="34" status="PASS">
          <reporter-output>
          </reporter-output>
        </test-method> <!-- test -->
      </class> <!-- sampleTest.Test1 -->
      <class name="sampleTest.Test2">
        <test-method signature="test3()[pri:0, instance:sampleTest.Test2@4f18837a]" started-at="2026-02-04T21:31:01 IST" name="test3" finished-at="2026-02-04T21:31:01 IST" duration-ms="14" status="PASS">
          <reporter-output>
          </reporter-output>
        </test-method> <!-- test3 -->
      </class> <!-- sampleTest.Test2 -->
    </test> <!-- Test -->
  </suite> <!-- Suite -->
</testng-results>
